[    2930ms] [ERROR] Failed to load resource: the server responded with a status of 404 () @ https://cantaia.vercel.app/api/organization/branding:0
[   14204ms] [WARNING] <meta name="apple-mobile-web-app-capable" content="yes"> is deprecated. Please include <meta name="mobile-web-app-capable" content="yes"> @ https://cantaia.vercel.app/fr/projects/8acbe33b-219e-4a70-9a1f-e842936d2985:0
[   15246ms] [ERROR] Failed to load resource: the server responded with a status of 404 () @ https://cantaia.vercel.app/fr/apple-icon:0
[   15247ms] [WARNING] Error while trying to use the following icon from the Manifest: https://cantaia.vercel.app/apple-icon (Download error or resource isn't a valid image) @ https://cantaia.vercel.app/fr/projects/8acbe33b-219e-4a70-9a1f-e842936d2985:0
[   17099ms] [ERROR] Failed to load resource: the server responded with a status of 500 () @ https://cantaia.vercel.app/api/projects/8acbe33b-219e-4a70-9a1f-e842936d2985/emails:0
[   27960ms] [WARNING] <meta name="apple-mobile-web-app-capable" content="yes"> is deprecated. Please include <meta name="mobile-web-app-capable" content="yes"> @ https://cantaia.vercel.app/fr/projects/8acbe33b-219e-4a70-9a1f-e842936d2985?tab=emails:0
[   30045ms] [ERROR] Failed to load resource: the server responded with a status of 500 () @ https://cantaia.vercel.app/api/projects/8acbe33b-219e-4a70-9a1f-e842936d2985/emails:0
[   30296ms] [ERROR] Failed to load resource: the server responded with a status of 404 () @ https://cantaia.vercel.app/fr/apple-icon:0
[   30298ms] [WARNING] Error while trying to use the following icon from the Manifest: https://cantaia.vercel.app/apple-icon (Download error or resource isn't a valid image) @ https://cantaia.vercel.app/fr/projects/8acbe33b-219e-4a70-9a1f-e842936d2985?tab=emails:0
[   48906ms] [WARNING] <meta name="apple-mobile-web-app-capable" content="yes"> is deprecated. Please include <meta name="mobile-web-app-capable" content="yes"> @ https://cantaia.vercel.app/fr/projects/8acbe33b-219e-4a70-9a1f-e842936d2985?tab=tasks:0
[   49068ms] [ERROR] Failed to load resource: the server responded with a status of 404 () @ https://cantaia.vercel.app/fr/apple-icon:0
[   49069ms] [WARNING] Error while trying to use the following icon from the Manifest: https://cantaia.vercel.app/apple-icon (Download error or resource isn't a valid image) @ https://cantaia.vercel.app/fr/projects/8acbe33b-219e-4a70-9a1f-e842936d2985?tab=tasks:0
[   62189ms] [WARNING] <meta name="apple-mobile-web-app-capable" content="yes"> is deprecated. Please include <meta name="mobile-web-app-capable" content="yes"> @ https://cantaia.vercel.app/fr/projects/8acbe33b-219e-4a70-9a1f-e842936d2985?tab=plans:0
[   62350ms] [ERROR] Failed to load resource: the server responded with a status of 404 () @ https://cantaia.vercel.app/fr/apple-icon:0
[   62351ms] [WARNING] Error while trying to use the following icon from the Manifest: https://cantaia.vercel.app/apple-icon (Download error or resource isn't a valid image) @ https://cantaia.vercel.app/fr/projects/8acbe33b-219e-4a70-9a1f-e842936d2985?tab=plans:0
[   73891ms] [WARNING] <meta name="apple-mobile-web-app-capable" content="yes"> is deprecated. Please include <meta name="mobile-web-app-capable" content="yes"> @ https://cantaia.vercel.app/fr/projects/8acbe33b-219e-4a70-9a1f-e842936d2985?tab=submissions:0
[   74039ms] [ERROR] Failed to load resource: the server responded with a status of 404 () @ https://cantaia.vercel.app/fr/apple-icon:0
[   74040ms] [WARNING] Error while trying to use the following icon from the Manifest: https://cantaia.vercel.app/apple-icon (Download error or resource isn't a valid image) @ https://cantaia.vercel.app/fr/projects/8acbe33b-219e-4a70-9a1f-e842936d2985?tab=submissions:0
[   87998ms] [WARNING] <meta name="apple-mobile-web-app-capable" content="yes"> is deprecated. Please include <meta name="mobile-web-app-capable" content="yes"> @ https://cantaia.vercel.app/fr/projects/8acbe33b-219e-4a70-9a1f-e842936d2985?tab=prix:0
[   88580ms] [ERROR] Failed to load resource: the server responded with a status of 404 () @ https://cantaia.vercel.app/fr/apple-icon:0
[   88581ms] [WARNING] Error while trying to use the following icon from the Manifest: https://cantaia.vercel.app/apple-icon (Download error or resource isn't a valid image) @ https://cantaia.vercel.app/fr/projects/8acbe33b-219e-4a70-9a1f-e842936d2985?tab=prix:0
[   98671ms] [WARNING] <meta name="apple-mobile-web-app-capable" content="yes"> is deprecated. Please include <meta name="mobile-web-app-capable" content="yes"> @ https://cantaia.vercel.app/fr/projects/8acbe33b-219e-4a70-9a1f-e842936d2985?tab=closure:0
[   98823ms] [ERROR] Failed to load resource: the server responded with a status of 404 () @ https://cantaia.vercel.app/fr/apple-icon:0
[   98824ms] [WARNING] Error while trying to use the following icon from the Manifest: https://cantaia.vercel.app/apple-icon (Download error or resource isn't a valid image) @ https://cantaia.vercel.app/fr/projects/8acbe33b-219e-4a70-9a1f-e842936d2985?tab=closure:0
[  113069ms] [WARNING] <meta name="apple-mobile-web-app-capable" content="yes"> is deprecated. Please include <meta name="mobile-web-app-capable" content="yes"> @ https://cantaia.vercel.app/fr/projects/8acbe33b-219e-4a70-9a1f-e842936d2985?tab=meetings:0
[  113225ms] [ERROR] Failed to load resource: the server responded with a status of 404 () @ https://cantaia.vercel.app/fr/apple-icon:0
[  113226ms] [WARNING] Error while trying to use the following icon from the Manifest: https://cantaia.vercel.app/apple-icon (Download error or resource isn't a valid image) @ https://cantaia.vercel.app/fr/projects/8acbe33b-219e-4a70-9a1f-e842936d2985?tab=meetings:0
[  124213ms] [WARNING] <meta name="apple-mobile-web-app-capable" content="yes"> is deprecated. Please include <meta name="mobile-web-app-capable" content="yes"> @ https://cantaia.vercel.app/fr/projects/8acbe33b-219e-4a70-9a1f-e842936d2985?tab=visits:0
[  124372ms] [ERROR] Failed to load resource: the server responded with a status of 404 () @ https://cantaia.vercel.app/fr/apple-icon:0
[  124373ms] [WARNING] Error while trying to use the following icon from the Manifest: https://cantaia.vercel.app/apple-icon (Download error or resource isn't a valid image) @ https://cantaia.vercel.app/fr/projects/8acbe33b-219e-4a70-9a1f-e842936d2985?tab=visits:0
[  141554ms] [WARNING] <meta name="apple-mobile-web-app-capable" content="yes"> is deprecated. Please include <meta name="mobile-web-app-capable" content="yes"> @ https://cantaia.vercel.app/fr/projects/8acbe33b-219e-4a70-9a1f-e842936d2985?tab=archiving:0
[  141750ms] [ERROR] Failed to load resource: the server responded with a status of 404 () @ https://cantaia.vercel.app/fr/apple-icon:0
[  141752ms] [WARNING] Error while trying to use the following icon from the Manifest: https://cantaia.vercel.app/apple-icon (Download error or resource isn't a valid image) @ https://cantaia.vercel.app/fr/projects/8acbe33b-219e-4a70-9a1f-e842936d2985?tab=archiving:0
